0 info it worked if it ends with ok
1 verbose cli [ 'node', '/usr/local/bin/npm', 'install', 'cylon-cli', '-g' ]
2 info using npm@1.4.28
3 info using node@v0.10.35
4 verbose cache add [ 'cylon-cli', null ]
5 verbose cache add name=undefined spec="cylon-cli" args=["cylon-cli",null]
6 verbose parsed url { protocol: null,
6 verbose parsed url   slashes: null,
6 verbose parsed url   auth: null,
6 verbose parsed url   host: null,
6 verbose parsed url   port: null,
6 verbose parsed url   hostname: null,
6 verbose parsed url   hash: null,
6 verbose parsed url   search: null,
6 verbose parsed url   query: null,
6 verbose parsed url   pathname: 'cylon-cli',
6 verbose parsed url   path: 'cylon-cli',
6 verbose parsed url   href: 'cylon-cli' }
7 silly lockFile 7b7596fc-cylon-cli cylon-cli
8 verbose lock cylon-cli /Users/winterg/.npm/7b7596fc-cylon-cli.lock
9 silly lockFile 7b7596fc-cylon-cli cylon-cli
10 silly lockFile 7b7596fc-cylon-cli cylon-cli
11 verbose addNamed [ 'cylon-cli', '' ]
12 verbose addNamed [ null, '*' ]
13 silly lockFile 31aa07a3-cylon-cli cylon-cli@
14 verbose lock cylon-cli@ /Users/winterg/.npm/31aa07a3-cylon-cli.lock
15 silly addNameRange { name: 'cylon-cli', range: '*', hasData: false }
16 verbose request where is /cylon-cli
17 verbose request registry https://registry.npmjs.org/
18 verbose request id c60d33588e228246
19 verbose url raw /cylon-cli
20 verbose url resolving [ 'https://registry.npmjs.org/', './cylon-cli' ]
21 verbose url resolved https://registry.npmjs.org/cylon-cli
22 verbose request where is https://registry.npmjs.org/cylon-cli
23 info trying registry request attempt 1 at 03:37:52
24 http GET https://registry.npmjs.org/cylon-cli
25 http 200 https://registry.npmjs.org/cylon-cli
26 silly registry.get cb [ 200,
26 silly registry.get   { date: 'Wed, 14 Jan 2015 08:37:52 GMT',
26 silly registry.get     server: 'CouchDB/1.5.0 (Erlang OTP/R16B03)',
26 silly registry.get     etag: '"2TJ7JBOZS80TZ7ZJDS31QCNM3"',
26 silly registry.get     'content-type': 'application/json',
26 silly registry.get     'cache-control': 'max-age=60',
26 silly registry.get     'content-length': '30890',
26 silly registry.get     'accept-ranges': 'bytes',
26 silly registry.get     via: '1.1 varnish',
26 silly registry.get     age: '0',
26 silly registry.get     'x-served-by': 'cache-iad2147-IAD',
26 silly registry.get     'x-cache': 'MISS',
26 silly registry.get     'x-cache-hits': '0',
26 silly registry.get     'x-timer': 'S1421224672.185527,VS0,VE64',
26 silly registry.get     vary: 'Accept',
26 silly registry.get     'keep-alive': 'timeout=10, max=50',
26 silly registry.get     connection: 'Keep-Alive' } ]
27 silly addNameRange number 2 { name: 'cylon-cli', range: '*', hasData: true }
28 silly addNameRange versions [ 'cylon-cli',
28 silly addNameRange   [ '0.1.0',
28 silly addNameRange     '0.1.1',
28 silly addNameRange     '0.2.0',
28 silly addNameRange     '0.3.0',
28 silly addNameRange     '0.4.0',
28 silly addNameRange     '0.4.1',
28 silly addNameRange     '0.4.2',
28 silly addNameRange     '0.4.3',
28 silly addNameRange     '0.5.0',
28 silly addNameRange     '0.6.0',
28 silly addNameRange     '0.6.1',
28 silly addNameRange     '0.7.0',
28 silly addNameRange     '0.8.0',
28 silly addNameRange     '0.8.1',
28 silly addNameRange     '0.9.0',
28 silly addNameRange     '0.9.1',
28 silly addNameRange     '0.9.2',
28 silly addNameRange     '0.10.0',
28 silly addNameRange     '0.11.0',
28 silly addNameRange     '0.12.0',
28 silly addNameRange     '0.12.1' ] ]
29 verbose addNamed [ 'cylon-cli', '0.12.1' ]
30 verbose addNamed [ '0.12.1', '0.12.1' ]
31 silly lockFile 4b894a3a-cylon-cli-0-12-1 cylon-cli@0.12.1
32 verbose lock cylon-cli@0.12.1 /Users/winterg/.npm/4b894a3a-cylon-cli-0-12-1.lock
33 silly lockFile 22951d69-g-cylon-cli-cylon-cli-0-12-1-tgz https://registry.npmjs.org/cylon-cli/-/cylon-cli-0.12.1.tgz
34 verbose lock https://registry.npmjs.org/cylon-cli/-/cylon-cli-0.12.1.tgz /Users/winterg/.npm/22951d69-g-cylon-cli-cylon-cli-0-12-1-tgz.lock
35 verbose addRemoteTarball [ 'https://registry.npmjs.org/cylon-cli/-/cylon-cli-0.12.1.tgz',
35 verbose addRemoteTarball   'b689d92d2a8a20bf0c1f59b56b9cbc19fd9148a4' ]
36 info retry fetch attempt 1 at 03:37:52
37 verbose fetch to= /var/folders/3t/sz6ct_d102qb5jwp878_l4zm0000gn/T/npm-6076-IHGXt7ie/registry.npmjs.org/cylon-cli/-/cylon-cli-0.12.1.tgz
38 http GET https://registry.npmjs.org/cylon-cli/-/cylon-cli-0.12.1.tgz
39 http 200 https://registry.npmjs.org/cylon-cli/-/cylon-cli-0.12.1.tgz
40 silly lockFile 22951d69-g-cylon-cli-cylon-cli-0-12-1-tgz https://registry.npmjs.org/cylon-cli/-/cylon-cli-0.12.1.tgz
41 silly lockFile 22951d69-g-cylon-cli-cylon-cli-0-12-1-tgz https://registry.npmjs.org/cylon-cli/-/cylon-cli-0.12.1.tgz
42 silly lockFile 4b894a3a-cylon-cli-0-12-1 cylon-cli@0.12.1
43 silly lockFile 4b894a3a-cylon-cli-0-12-1 cylon-cli@0.12.1
44 silly lockFile 31aa07a3-cylon-cli cylon-cli@
45 silly lockFile 31aa07a3-cylon-cli cylon-cli@
46 silly resolved [ { name: 'cylon-cli',
46 silly resolved     version: '0.12.1',
46 silly resolved     main: 'lib/cylon-cli.js',
46 silly resolved     description: 'CLI toolkit for Cylon.js',
46 silly resolved     homepage: 'http://cylonjs.com',
46 silly resolved     bugs: { url: 'https://github.com/hybridgroup/cylon-cli/issues' },
46 silly resolved     author: { name: 'The Hybrid Group', email: 'cylonjs@hybridgroup.com' },
46 silly resolved     repository: { type: 'git', url: 'https://github.com/hybridgroup/cylon-cli' },
46 silly resolved     license: 'Apache 2.0',
46 silly resolved     bin: { cylon: './bin/cylon' },
46 silly resolved     devDependencies:
46 silly resolved      { 'sinon-chai': '~2.4.0',
46 silly resolved        chai: '~1.7.2',
46 silly resolved        mocha: '~1.12.1',
46 silly resolved        sinon: '~1.9.0',
46 silly resolved        jshint: '~2.4.4' },
46 silly resolved     dependencies: { restler: '~3.2.0', ejs: '~0.8.5', globule: '~0.2.0' },
46 silly resolved     gitHead: '896542d7866bcdae5f23ab29023b21648eaf4aa4',
46 silly resolved     _id: 'cylon-cli@0.12.1',
46 silly resolved     scripts: {},
46 silly resolved     _shasum: 'b689d92d2a8a20bf0c1f59b56b9cbc19fd9148a4',
46 silly resolved     _from: 'cylon-cli@',
46 silly resolved     _npmVersion: '2.1.9',
46 silly resolved     _nodeVersion: '0.10.33',
46 silly resolved     _npmUser: { name: 'andrewstewart', email: 'andrew@stwrt.ca' },
46 silly resolved     maintainers: [ [Object], [Object], [Object], [Object] ],
46 silly resolved     dist:
46 silly resolved      { shasum: 'b689d92d2a8a20bf0c1f59b56b9cbc19fd9148a4',
46 silly resolved        tarball: 'http://registry.npmjs.org/cylon-cli/-/cylon-cli-0.12.1.tgz' },
46 silly resolved     directories: {},
46 silly resolved     _resolved: 'https://registry.npmjs.org/cylon-cli/-/cylon-cli-0.12.1.tgz' } ]
47 info install cylon-cli@0.12.1 into /usr/local/lib
48 info installOne cylon-cli@0.12.1
49 verbose lib/node_modules/cylon-cli unbuild
50 verbose tar unpack /Users/winterg/.npm/cylon-cli/0.12.1/package.tgz
51 silly lockFile 17cbb8cb-local-lib-node-modules-cylon-cli tar:///usr/local/lib/node_modules/cylon-cli
52 verbose lock tar:///usr/local/lib/node_modules/cylon-cli /Users/winterg/.npm/17cbb8cb-local-lib-node-modules-cylon-cli.lock
53 silly lockFile 510632ca-npm-cylon-cli-0-12-1-package-tgz tar:///Users/winterg/.npm/cylon-cli/0.12.1/package.tgz
54 verbose lock tar:///Users/winterg/.npm/cylon-cli/0.12.1/package.tgz /Users/winterg/.npm/510632ca-npm-cylon-cli-0-12-1-package-tgz.lock
55 silly gunzTarPerm modes [ '755', '644' ]
56 error Error: EACCES, mkdir '/usr/local/lib/node_modules/cylon-cli'
56 error  { [Error: EACCES, mkdir '/usr/local/lib/node_modules/cylon-cli']
56 error   errno: 3,
56 error   code: 'EACCES',
56 error   path: '/usr/local/lib/node_modules/cylon-cli',
56 error   fstream_type: 'Directory',
56 error   fstream_path: '/usr/local/lib/node_modules/cylon-cli',
56 error   fstream_class: 'DirWriter',
56 error   fstream_stack:
56 error    [ '/usr/local/lib/node_modules/npm/node_modules/fstream/lib/dir-writer.js:36:23',
56 error      '/usr/local/lib/node_modules/npm/node_modules/mkdirp/index.js:46:53',
56 error      'Object.oncomplete (fs.js:108:15)' ] }
57 error Please try running this command again as root/Administrator.
58 error System Darwin 14.0.0
59 error command "node" "/usr/local/bin/npm" "install" "cylon-cli" "-g"
60 error cwd /Users/winterg/Dropbox/Development_Workspace/Karma_v1/myo_node_controller
61 error node -v v0.10.35
62 error npm -v 1.4.28
63 error path /usr/local/lib/node_modules/cylon-cli
64 error fstream_path /usr/local/lib/node_modules/cylon-cli
65 error fstream_type Directory
66 error fstream_class DirWriter
67 error code EACCES
68 error errno 3
69 error stack Error: EACCES, mkdir '/usr/local/lib/node_modules/cylon-cli'
70 error fstream_stack /usr/local/lib/node_modules/npm/node_modules/fstream/lib/dir-writer.js:36:23
70 error fstream_stack /usr/local/lib/node_modules/npm/node_modules/mkdirp/index.js:46:53
70 error fstream_stack Object.oncomplete (fs.js:108:15)
71 verbose exit [ 3, true ]
